# JRE version: OpenJDK Runtime Environment (11.0.13) (build 11.0.13+0-b1751.21-8125866)
# Java VM: OpenJDK 64-Bit Server VM (11.0.13+0-b1751.21-8125866, mixed mode, tiered, compressed oops, g1 gc, windows-amd64)
Heap:
 garbage-first heap   total 537600K, used 284364K [0x0000000080000000, 0x0000000100000000)
  region size 1024K, 24 young (24576K), 1 survivors (1024K)
 Metaspace       used 128843K, capacity 132211K, committed 132476K, reserved 1165312K
  class space    used 15814K, capacity 17056K, committed 17100K, reserved 1048576K
GC Heap History (20 events):
Event: 345.450 GC heap before
{Heap before GC invocations=145 (full 0):
 garbage-first heap   total 537600K, used 272564K [0x0000000080000000, 0x0000000100000000)
  region size 1024K, 26 young (26624K), 1 survivors (1024K)
 Metaspace       used 119293K, capacity 122361K, committed 122620K, reserved 1157120K
  class space    used 14702K, capacity 15916K, committed 15948K, reserved 1048576K
}
Event: 345.602 GC heap after
{Heap after GC invocations=146 (full 0):
 garbage-first heap   total 537600K, used 246947K [0x0000000080000000, 0x0000000100000000)
  region size 1024K, 1 young (1024K), 1 survivors (1024K)
 Metaspace       used 119293K, capacity 122361K, committed 122620K, reserved 1157120K
  class space    used 14702K, capacity 15916K, committed 15948K, reserved 1048576K
}
Event: 350.881 GC heap before
{Heap before GC invocations=146 (full 0):
 garbage-first heap   total 537600K, used 272547K [0x0000000080000000, 0x0000000100000000)
  region size 1024K, 26 young (26624K), 1 survivors (1024K)
 Metaspace       used 119297K, capacity 122361K, committed 122620K, reserved 1157120K
  class space    used 14703K, capacity 15916K, committed 15948K, reserved 1048576K
}
Event: 351.057 GC heap after
{Heap after GC invocations=147 (full 0):
 garbage-first heap   total 537600K, used 246994K [0x0000000080000000, 0x0000000100000000)
  region size 1024K, 1 young (1024K), 1 survivors (1024K)
 Metaspace       used 119297K, capacity 122361K, committed 122620K, reserved 1157120K
  class space    used 14703K, capacity 15916K, committed 15948K, reserved 1048576K
}
Event: 354.860 GC heap before
{Heap before GC invocations=147 (full 0):
 garbage-first heap   total 537600K, used 272594K [0x0000000080000000, 0x0000000100000000)
  region size 1024K, 26 young (26624K), 1 survivors (1024K)
 Metaspace       used 119297K, capacity 122361K, committed 122620K, reserved 1157120K
  class space    used 14703K, capacity 15916K, committed 15948K, reserved 1048576K
}
Event: 354.962 GC heap after
{Heap after GC invocations=148 (full 0):
 garbage-first heap   total 537600K, used 247098K [0x0000000080000000, 0x0000000100000000)
  region size 1024K, 1 young (1024K), 1 survivors (1024K)
 Metaspace       used 119297K, capacity 122361K, committed 122620K, reserved 1157120K
  class space    used 14703K, capacity 15916K, committed 15948K, reserved 1048576K
}
Event: 355.479 GC heap before
{Heap before GC invocations=148 (full 0):
 garbage-first heap   total 537600K, used 272698K [0x0000000080000000, 0x0000000100000000)
  region size 1024K, 26 young (26624K), 1 survivors (1024K)
 Metaspace       used 119300K, capacity 122361K, committed 122620K, reserved 1157120K
  class space    used 14703K, capacity 15916K, committed 15948K, reserved 1048576K
}
Event: 355.488 GC heap after
{Heap after GC invocations=149 (full 0):
 garbage-first heap   total 537600K, used 247316K [0x0000000080000000, 0x0000000100000000)
  region size 1024K, 2 young (2048K), 2 survivors (2048K)
 Metaspace       used 119300K, capacity 122361K, committed 122620K, reserved 1157120K
  class space    used 14703K, capacity 15916K, committed 15948K, reserved 1048576K
}
Event: 356.767 GC heap before
{Heap before GC invocations=149 (full 0):
 garbage-first heap   total 537600K, used 273940K [0x0000000080000000, 0x0000000100000000)
  region size 1024K, 28 young (28672K), 2 survivors (2048K)
 Metaspace       used 119300K, capacity 122361K, committed 122620K, reserved 1157120K
  class space    used 14703K, capacity 15916K, committed 15948K, reserved 1048576K
}
Event: 356.797 GC heap after
{Heap after GC invocations=150 (full 0):
 garbage-first heap   total 537600K, used 247400K [0x0000000080000000, 0x0000000100000000)
  region size 1024K, 2 young (2048K), 2 survivors (2048K)
 Metaspace       used 119300K, capacity 122361K, committed 122620K, reserved 1157120K
  class space    used 14703K, capacity 15916K, committed 15948K, reserved 1048576K
}
Event: 359.491 GC heap before
{Heap before GC invocations=150 (full 0):
 garbage-first heap   total 537600K, used 278120K [0x0000000080000000, 0x0000000100000000)
  region size 1024K, 32 young (32768K), 2 survivors (2048K)
 Metaspace       used 119301K, capacity 122361K, committed 122620K, reserved 1157120K
  class space    used 14703K, capacity 15916K, committed 15948K, reserved 1048576K
}
Event: 359.577 GC heap after
{Heap after GC invocations=151 (full 0):
 garbage-first heap   total 537600K, used 247579K [0x0000000080000000, 0x0000000100000000)
  region size 1024K, 2 young (2048K), 2 survivors (2048K)
 Metaspace       used 119301K, capacity 122361K, committed 122620K, reserved 1157120K
  class space    used 14703K, capacity 15916K, committed 15948K, reserved 1048576K
}
Event: 402.544 GC heap before
{Heap before GC invocations=151 (full 0):
 garbage-first heap   total 537600K, used 281371K [0x0000000080000000, 0x0000000100000000)
  region size 1024K, 35 young (35840K), 2 survivors (2048K)
 Metaspace       used 125031K, capacity 128244K, committed 128508K, reserved 1161216K
  class space    used 15455K, capacity 16706K, committed 16716K, reserved 1048576K
}
Event: 402.894 GC heap after
{Heap after GC invocations=152 (full 0):
 garbage-first heap   total 537600K, used 245878K [0x0000000080000000, 0x0000000100000000)
  region size 1024K, 2 young (2048K), 2 survivors (2048K)
 Metaspace       used 125031K, capacity 128244K, committed 128508K, reserved 1161216K
  class space    used 15455K, capacity 16706K, committed 16716K, reserved 1048576K
}
Event: 417.317 GC heap before
{Heap before GC invocations=152 (full 0):
 garbage-first heap   total 537600K, used 276598K [0x0000000080000000, 0x0000000100000000)
  region size 1024K, 30 young (30720K), 2 survivors (2048K)
 Metaspace       used 126342K, capacity 129526K, committed 129660K, reserved 1163264K
  class space    used 15558K, capacity 16812K, committed 16844K, reserved 1048576K
}
Event: 417.695 GC heap after
{Heap after GC invocations=153 (full 0):
 garbage-first heap   total 537600K, used 255471K [0x0000000080000000, 0x0000000100000000)
  region size 1024K, 4 young (4096K), 4 survivors (4096K)
 Metaspace       used 126342K, capacity 129526K, committed 129660K, reserved 1163264K
  class space    used 15558K, capacity 16812K, committed 16844K, reserved 1048576K
}
Event: 426.791 GC heap before
{Heap before GC invocations=153 (full 0):
 garbage-first heap   total 537600K, used 276975K [0x0000000080000000, 0x0000000100000000)
  region size 1024K, 26 young (26624K), 4 survivors (4096K)
 Metaspace       used 128117K, capacity 131360K, committed 131708K, reserved 1163264K
  class space    used 15744K, capacity 16997K, committed 17100K, reserved 1048576K
}
Event: 427.230 GC heap after
{Heap after GC invocations=154 (full 0):
 garbage-first heap   total 537600K, used 258052K [0x0000000080000000, 0x0000000100000000)
  region size 1024K, 4 young (4096K), 4 survivors (4096K)
 Metaspace       used 128117K, capacity 131360K, committed 131708K, reserved 1163264K
  class space    used 15744K, capacity 16997K, committed 17100K, reserved 1048576K
}
Event: 439.789 GC heap before
{Heap before GC invocations=154 (full 0):
 garbage-first heap   total 537600K, used 281604K [0x0000000080000000, 0x0000000100000000)
  region size 1024K, 26 young (26624K), 4 survivors (4096K)
 Metaspace       used 128773K, capacity 132042K, committed 132220K, reserved 1165312K
  class space    used 15813K, capacity 17024K, committed 17100K, reserved 1048576K
}
Event: 440.463 GC heap after
{Heap after GC invocations=155 (full 0):
 garbage-first heap   total 537600K, used 260812K [0x0000000080000000, 0x0000000100000000)
  region size 1024K, 3 young (3072K), 3 survivors (3072K)
 Metaspace       used 128773K, capacity 132042K, committed 132220K, reserved 1165312K
  class space    used 15813K, capacity 17024K, committed 17100K, reserved 1048576K
}

